Using pre-set license
Built from '2020.3/staging' branch; Version is '2020.3.16f1 (049d6eca3c44) revision 302446'; Using compiler version '192528614'; Build Type 'Release'
OS: 'Windows 10 Home Single Language; OS build 19044.1766; Version 2009; 64bit' Language: 'ko' Physical Memory: 8032 MB
BatchMode: 1, IsHumanControllingUs: 0, StartBugReporterOnCrash: 0, Is64bit: 1, IsPro: 0

 COMMAND LINE ARGUMENTS:
C:\Unity\2020.3.16f1\Editor\Unity.exe
-adb2
-batchMode
-noUpm
-name
AssetImportWorker0
-projectPath
C:/Share_git/ShareSognando
-logFile
Logs/AssetImportWorker0.log
-srvPort
55587
Successfully changed project path to: C:/Share_git/ShareSognando
C:/Share_git/ShareSognando
Using Asset Import Pipeline V2.
Refreshing native plugins compatible for Editor in 64.78 ms, found 3 plugins.
Preloading 0 native plugins for Editor in 0.00 ms.
Initialize engine version: 2020.3.16f1 (049d6eca3c44)
[Subsystems] Discovering subsystems at path C:/Unity/2020.3.16f1/Editor/Data/Resources/UnitySubsystems
[Subsystems] Discovering subsystems at path C:/Share_git/ShareSognando/Assets
GfxDevice: creating device client; threaded=0
Direct3D:
    Version:  Direct3D 11.0 [level 11.1]
    Renderer: NVIDIA GeForce GTX 1660 Ti with Max-Q Design (ID=0x2191)
    Vendor:   
    VRAM:     5991 MB
    Driver:   30.0.15.1179
Shader 'Universal Render Pipeline/Particles/Lit': fallback shader 'Universal Render Pipeline/Particles/SimpleLit' not found
Initialize mono
Mono path[0] = 'C:/Unity/2020.3.16f1/Editor/Data/Managed'
Mono path[1] = 'C:/Unity/2020.3.16f1/Editor/Data/MonoBleedingEdge/lib/mono/unityjit'
Mono config path = 'C:/Unity/2020.3.16f1/Editor/Data/MonoBleedingEdge/etc'
Using monoOptions --debugger-agent=transport=dt_socket,embedding=1,server=y,suspend=n,address=127.0.0.1:56716
Begin MonoManager ReloadAssembly
Registering precompiled unity dll's ...
Register platform support module: C:/Unity/2020.3.16f1/Editor/Data/PlaybackEngines/WindowsStandaloneSupport/UnityEditor.WindowsStandalone.Extensions.dll
Registered in 0.004539 seconds.
Native extension for WindowsStandalone target not found
Refreshing native plugins compatible for Editor in 57.18 ms, found 3 plugins.
Preloading 0 native plugins for Editor in 0.00 ms.
Mono: successfully reloaded assembly
- Completed reload, in  3.444 seconds
Domain Reload Profiling:
	ReloadAssembly (3444ms)
		BeginReloadAssembly (70ms)
			ExecutionOrderSort (0ms)
			DisableScriptedObjects (0ms)
			BackupInstance (0ms)
			ReleaseScriptingObjects (0ms)
			CreateAndSetChildDomain (1ms)
		EndReloadAssembly (413ms)
			LoadAssemblies (65ms)
			RebuildTransferFunctionScriptingTraits (0ms)
			SetupTypeCache (149ms)
			ReleaseScriptCaches (0ms)
			RebuildScriptCaches (24ms)
			SetupLoadedEditorAssemblies (164ms)
				LogAssemblyErrors (0ms)
				InitializePlatformSupportModulesInManaged (4ms)
				SetLoadedEditorAssemblies (0ms)
				RefreshPlugins (57ms)
				BeforeProcessingInitializeOnLoad (15ms)
				ProcessInitializeOnLoadAttributes (63ms)
				ProcessInitializeOnLoadMethodAttributes (24ms)
				AfterProcessingInitializeOnLoad (0ms)
				EditorAssembliesLoaded (0ms)
			ExecutionOrderSort2 (0ms)
			AwakeInstancesAfterBackupRestoration (0ms)
Platform modules already initialized, skipping
Registering precompiled user dll's ...
Registered in 0.011104 seconds.
Begin MonoManager ReloadAssembly
Native extension for WindowsStandalone target not found
Refreshing native plugins compatible for Editor in 61.31 ms, found 3 plugins.
Preloading 0 native plugins for Editor in 0.00 ms.
Mono: successfully reloaded assembly
- Completed reload, in  1.484 seconds
Domain Reload Profiling:
	ReloadAssembly (1485ms)
		BeginReloadAssembly (162ms)
			ExecutionOrderSort (0ms)
			DisableScriptedObjects (4ms)
			BackupInstance (0ms)
			ReleaseScriptingObjects (0ms)
			CreateAndSetChildDomain (18ms)
		EndReloadAssembly (1247ms)
			LoadAssemblies (192ms)
			RebuildTransferFunctionScriptingTraits (0ms)
			SetupTypeCache (363ms)
			ReleaseScriptCaches (1ms)
			RebuildScriptCaches (53ms)
			SetupLoadedEditorAssemblies (516ms)
				LogAssemblyErrors (0ms)
				InitializePlatformSupportModulesInManaged (4ms)
				SetLoadedEditorAssemblies (0ms)
				RefreshPlugins (61ms)
				BeforeProcessingInitializeOnLoad (134ms)
				ProcessInitializeOnLoadAttributes (288ms)
				ProcessInitializeOnLoadMethodAttributes (12ms)
				AfterProcessingInitializeOnLoad (17ms)
				EditorAssembliesLoaded (0ms)
			ExecutionOrderSort2 (0ms)
			AwakeInstancesAfterBackupRestoration (6ms)
Platform modules already initialized, skipping
========================================================================
Worker process is ready to serve import requests
Shader 'Universal Render Pipeline/Particles/Lit': fallback shader 'Universal Render Pipeline/Particles/SimpleLit' not found
Launched and connected shader compiler UnityShaderCompiler.exe after 0.05 seconds
Refreshing native plugins compatible for Editor in 1.15 ms, found 3 plugins.
Preloading 0 native plugins for Editor in 0.00 ms.
Unloading 3422 Unused Serialized files (Serialized files now loaded: 0)
System memory in use before: 221.9 MB.
System memory in use after: 222.1 MB.

Unloading 30 unused Assets to reduce memory usage. Loaded Objects now: 3865.
Total: 4.636700 ms (FindLiveObjects: 0.641000 ms CreateObjectMapping: 0.251200 ms MarkObjects: 3.646900 ms  DeleteObjects: 0.095800 ms)

AssetImportParameters requested are different than current active one (requested -> active):
  custom:framework-win-MediaFoundation: 216162199b28c13a410421893ffa2e32 -> 
  custom:video-decoder-ogg-theora: a1e56fd34408186e4bbccfd4996cb3dc -> 
  custom:container-muxer-webm: aa71ff27fc2769a1b78a27578f13a17b -> 
  custom:container-demuxer-webm: 4f35f7cbe854078d1ac9338744f61a02 -> 
  custom:container-demuxer-ogg: 62fdf1f143b41e24485cea50d1cbac27 -> 
  custom:video-encoder-webm-vp8: eb34c28f22e8b96e1ab97ce403110664 -> 
  custom:video-decoder-webm-vp8: 9c59270c3fd7afecdb556c50c9e8de78 -> 
  custom:audio-decoder-ogg-vorbis: bf7c407c2cedff20999df2af8eb42d56 -> 
  custom:audio-encoder-webm-vorbis: bf7c407c2cedff20999df2af8eb42d56 -> 
========================================================================
Received Import Request.
  path: Assets/Prefabs/WalkingMonster.prefab
  artifactKey: Guid(8d9b0ea69f80abc4096fa7b559a8a3d8) Importer(815301076,1909f56bfc062723c751e8b465ee728b)
Start importing Assets/Prefabs/WalkingMonster.prefab using Guid(8d9b0ea69f80abc4096fa7b559a8a3d8) Importer(815301076,1909f56bfc062723c751e8b465ee728b)  -> (artifact id: '97839eff6a617b93b5f4fd466d2fc497') in 0.229095 seconds 
  Import took 0.234882 seconds .

========================================================================
Received Import Request.
  Time since last request: 0.000355 seconds.
  path: Assets/Prefabs/EnemyBullet.prefab
  artifactKey: Guid(2da443eeab47ac24fa14723fb2c0f7cb) Importer(815301076,1909f56bfc062723c751e8b465ee728b)
Start importing Assets/Prefabs/EnemyBullet.prefab using Guid(2da443eeab47ac24fa14723fb2c0f7cb) Importer(815301076,1909f56bfc062723c751e8b465ee728b)  -> (artifact id: '97c8f3b44fa84c5d7dd59e45ab1f0a87') in 0.011579 seconds 
  Import took 0.016990 seconds .

========================================================================
Received Import Request.
  Time since last request: 0.000307 seconds.
  path: Assets/Prefabs/shotgun.prefab
  artifactKey: Guid(bb645922ff01bf445bf848320cae02d1) Importer(815301076,1909f56bfc062723c751e8b465ee728b)
Start importing Assets/Prefabs/shotgun.prefab using Guid(bb645922ff01bf445bf848320cae02d1) Importer(815301076,1909f56bfc062723c751e8b465ee728b)  -> (artifact id: 'ea7f642e2a3a572fa84c1497cfdb4159') in 0.020948 seconds 
  Import took 0.028311 seconds .

========================================================================
Received Import Request.
  Time since last request: 0.000278 seconds.
  path: Assets/Prefabs/BulletMass.prefab
  artifactKey: Guid(59e136733d0571640be23a13a2aa5052) Importer(815301076,1909f56bfc062723c751e8b465ee728b)
Start importing Assets/Prefabs/BulletMass.prefab using Guid(59e136733d0571640be23a13a2aa5052) Importer(815301076,1909f56bfc062723c751e8b465ee728b)  -> (artifact id: '91f65fff3709e89d20ecbc3257b6036f') in 0.017171 seconds 
  Import took 0.024952 seconds .

========================================================================
Received Import Request.
  Time since last request: 0.000244 seconds.
  path: Assets/Prefabs/EnemyBullet2 1.prefab
  artifactKey: Guid(ff240abb7b1a9714e82e9a018199b6bd) Importer(815301076,1909f56bfc062723c751e8b465ee728b)
Start importing Assets/Prefabs/EnemyBullet2 1.prefab using Guid(ff240abb7b1a9714e82e9a018199b6bd) Importer(815301076,1909f56bfc062723c751e8b465ee728b)  -> (artifact id: 'd0caa237c5a40203e8a83edffcf559f6') in 0.018545 seconds 
  Import took 0.025467 seconds .

========================================================================
Received Import Request.
  Time since last request: 0.000348 seconds.
  path: Assets/Prefabs/AttackAiEnemy.prefab
  artifactKey: Guid(5424403a33127ce4ebfcc6ff46e38396) Importer(815301076,1909f56bfc062723c751e8b465ee728b)
Start importing Assets/Prefabs/AttackAiEnemy.prefab using Guid(5424403a33127ce4ebfcc6ff46e38396) Importer(815301076,1909f56bfc062723c751e8b465ee728b)  -> (artifact id: '7f77eb555d3e8c70b51915657cbe65ca') in 0.015919 seconds 
  Import took 0.023634 seconds .

========================================================================
Received Import Request.
  Time since last request: 0.000301 seconds.
  path: Assets/Prefabs/Coral.prefab
  artifactKey: Guid(52b7e4d8625ce7a43ba7a45522286fa4) Importer(815301076,1909f56bfc062723c751e8b465ee728b)
Start importing Assets/Prefabs/Coral.prefab using Guid(52b7e4d8625ce7a43ba7a45522286fa4) Importer(815301076,1909f56bfc062723c751e8b465ee728b)  -> (artifact id: '953fa7cc2c3c35993aa9fc8471285f31') in 0.024141 seconds 
  Import took 0.030317 seconds .

========================================================================
Received Import Request.
  Time since last request: 0.000209 seconds.
  path: Assets/Prefabs/Enemy (3).prefab
  artifactKey: Guid(ca31e5f2671b6a04c9647ad4d404610b) Importer(815301076,1909f56bfc062723c751e8b465ee728b)
Start importing Assets/Prefabs/Enemy (3).prefab using Guid(ca31e5f2671b6a04c9647ad4d404610b) Importer(815301076,1909f56bfc062723c751e8b465ee728b)  -> (artifact id: 'cc15e7826c433341d296c406e9621661') in 0.020271 seconds 
  Import took 0.026856 seconds .

========================================================================
Received Import Request.
  Time since last request: 0.000225 seconds.
  path: Assets/Prefabs/Golem_hpbar.prefab
  artifactKey: Guid(da6b89c6dbc5d134f9a9756bc0ab39f7) Importer(815301076,1909f56bfc062723c751e8b465ee728b)
Start importing Assets/Prefabs/Golem_hpbar.prefab using Guid(da6b89c6dbc5d134f9a9756bc0ab39f7) Importer(815301076,1909f56bfc062723c751e8b465ee728b)  -> (artifact id: 'dca04ca52c814e9e3245354c6968cb3e') in 0.029882 seconds 
  Import took 0.037643 seconds .

========================================================================
Received Import Request.
  Time since last request: 0.000269 seconds.
  path: Assets/Prefabs/Lazercast.prefab
  artifactKey: Guid(5c4cd2db68921184eb9d7fffdd73f8a4) Importer(815301076,1909f56bfc062723c751e8b465ee728b)
Start importing Assets/Prefabs/Lazercast.prefab using Guid(5c4cd2db68921184eb9d7fffdd73f8a4) Importer(815301076,1909f56bfc062723c751e8b465ee728b)  -> (artifact id: '491f966d6904826b2971331529588ce1') in 0.019319 seconds 
  Import took 0.027523 seconds .

========================================================================
Received Import Request.
  Time since last request: 0.000432 seconds.
  path: Assets/Prefabs/BezierObject.prefab
  artifactKey: Guid(36fab30d207341f4986b4c12d9b11869) Importer(815301076,1909f56bfc062723c751e8b465ee728b)
Start importing Assets/Prefabs/BezierObject.prefab using Guid(36fab30d207341f4986b4c12d9b11869) Importer(815301076,1909f56bfc062723c751e8b465ee728b)  -> (artifact id: 'd7e105a755295a4bd49968f8ed193bbe') in 0.017977 seconds 
  Import took 0.025445 seconds .

========================================================================
Received Import Request.
  Time since last request: 0.000443 seconds.
  path: Assets/Prefabs/Missile.prefab
  artifactKey: Guid(1a59732f381dd4c4c85c86c171b094cb) Importer(815301076,1909f56bfc062723c751e8b465ee728b)
Start importing Assets/Prefabs/Missile.prefab using Guid(1a59732f381dd4c4c85c86c171b094cb) Importer(815301076,1909f56bfc062723c751e8b465ee728b)  -> (artifact id: 'fd025b2218a444470f28aa5d3b77f46f') in 0.015277 seconds 
  Import took 0.023123 seconds .

========================================================================
Received Import Request.
  Time since last request: 0.000346 seconds.
  path: Assets/Prefabs/Bullet.prefab
  artifactKey: Guid(eb026b93bef63304f9719e80f93fcdcd) Importer(815301076,1909f56bfc062723c751e8b465ee728b)
Start importing Assets/Prefabs/Bullet.prefab using Guid(eb026b93bef63304f9719e80f93fcdcd) Importer(815301076,1909f56bfc062723c751e8b465ee728b)  -> (artifact id: '59453faa5af4ab8335e70853b0247dd1') in 0.019877 seconds 
  Import took 0.026844 seconds .

========================================================================
Received Import Request.
  Time since last request: 0.000326 seconds.
  path: Assets/Prefabs/Enemy (1).prefab
  artifactKey: Guid(fbda39069bf01494a99a0851be51d272) Importer(815301076,1909f56bfc062723c751e8b465ee728b)
Start importing Assets/Prefabs/Enemy (1).prefab using Guid(fbda39069bf01494a99a0851be51d272) Importer(815301076,1909f56bfc062723c751e8b465ee728b)  -> (artifact id: 'f971d17f9d0d900958dd7afc10bfc46a') in 0.017035 seconds 
  Import took 0.023426 seconds .

========================================================================
Received Import Request.
  Time since last request: 0.000256 seconds.
  path: Assets/Prefabs/ShootingMonster.prefab
  artifactKey: Guid(5febc0e85474bb248a5dea26781f8208) Importer(815301076,1909f56bfc062723c751e8b465ee728b)
Start importing Assets/Prefabs/ShootingMonster.prefab using Guid(5febc0e85474bb248a5dea26781f8208) Importer(815301076,1909f56bfc062723c751e8b465ee728b)  -> (artifact id: '26ea01d8b194c038a27a950aa068b531') in 0.017429 seconds 
  Import took 0.025696 seconds .

========================================================================
Received Import Request.
  Time since last request: 0.000403 seconds.
  path: Assets/Prefabs/TestSlime.prefab
  artifactKey: Guid(af6c699518874324d818f693bb6b78ec) Importer(815301076,1909f56bfc062723c751e8b465ee728b)
Start importing Assets/Prefabs/TestSlime.prefab using Guid(af6c699518874324d818f693bb6b78ec) Importer(815301076,1909f56bfc062723c751e8b465ee728b)  -> (artifact id: 'e203e6a7e616a7b1b1b36203a69dd80d') in 0.021920 seconds 
  Import took 0.029118 seconds .

========================================================================
Received Import Request.
  Time since last request: 0.000233 seconds.
  path: Assets/Prefabs/FollowingMonster.prefab
  artifactKey: Guid(5a5a3bf96dc242f46969590e789e33f1) Importer(815301076,1909f56bfc062723c751e8b465ee728b)
Start importing Assets/Prefabs/FollowingMonster.prefab using Guid(5a5a3bf96dc242f46969590e789e33f1) Importer(815301076,1909f56bfc062723c751e8b465ee728b)  -> (artifact id: '2052ff5c163a4e8f01db912c2cdcd656') in 0.020682 seconds 
  Import took 0.029964 seconds .

========================================================================
Received Import Request.
  Time since last request: 9.841930 seconds.
  path: Assets/Scenes/NewScene.unity
  artifactKey: Guid(60de940ff2fff094fba23fcd9321212a) Importer(815301076,1909f56bfc062723c751e8b465ee728b)
Start importing Assets/Scenes/NewScene.unity using Guid(60de940ff2fff094fba23fcd9321212a) Importer(815301076,1909f56bfc062723c751e8b465ee728b)  -> (artifact id: '70b4ef8159b30eb58542cf8f57313699') in 0.002698 seconds 
  Import took 0.007469 seconds .

========================================================================
Received Import Request.
  Time since last request: 0.010722 seconds.
  path: Assets/Scenes/NewScene.unity
  artifactKey: Guid(60de940ff2fff094fba23fcd9321212a) Importer(815301076,1909f56bfc062723c751e8b465ee728b)
Start importing Assets/Scenes/NewScene.unity using Guid(60de940ff2fff094fba23fcd9321212a) Importer(815301076,1909f56bfc062723c751e8b465ee728b)  -> (artifact id: '70b4ef8159b30eb58542cf8f57313699') in 0.002438 seconds 
  Import took 0.007325 seconds .

========================================================================
Received Import Request.
  Time since last request: 10.645233 seconds.
  path: Assets/Scenes/MonsterPark.unity
  artifactKey: Guid(60de940ff2fff094fba23fcd9321212a) Importer(815301076,1909f56bfc062723c751e8b465ee728b)
Start importing Assets/Scenes/MonsterPark.unity using Guid(60de940ff2fff094fba23fcd9321212a) Importer(815301076,1909f56bfc062723c751e8b465ee728b)  -> (artifact id: 'b84ce918cc9249ff00c5f79ec954a29f') in 0.002770 seconds 
  Import took 0.008537 seconds .

========================================================================
Received Import Request.
  Time since last request: 12.491496 seconds.
  path: Assets/Resource/Material/Alpha_Sharpen_1.mat
  artifactKey: Guid(511b3ff52bb54ff4fa1b1086042b1047) Importer(815301076,1909f56bfc062723c751e8b465ee728b)
Start importing Assets/Resource/Material/Alpha_Sharpen_1.mat using Guid(511b3ff52bb54ff4fa1b1086042b1047) Importer(815301076,1909f56bfc062723c751e8b465ee728b)  -> (artifact id: '340ced5523b77701c3b514ed33458e6a') in 0.039153 seconds 
  Import took 0.044459 seconds .

========================================================================
Received Import Request.
  Time since last request: 0.000276 seconds.
  path: Assets/Resource/Effect/Effect_Lazer/Lazer.mat
  artifactKey: Guid(2d1f50e44afedeb428eae6f247cd4b1b) Importer(815301076,1909f56bfc062723c751e8b465ee728b)
Start importing Assets/Resource/Effect/Effect_Lazer/Lazer.mat using Guid(2d1f50e44afedeb428eae6f247cd4b1b) Importer(815301076,1909f56bfc062723c751e8b465ee728b)  -> (artifact id: 'f10192359e1ffc5cd3f273685f485f15') in 0.010098 seconds 
  Import took 0.015043 seconds .

========================================================================
Received Import Request.
  Time since last request: 0.000215 seconds.
  path: Assets/Resource/Effect/Effect_Lazer/Butn_Marks.mat
  artifactKey: Guid(ed5fe8a9997fa5c4c96fef187e2a5355) Importer(815301076,1909f56bfc062723c751e8b465ee728b)
Start importing Assets/Resource/Effect/Effect_Lazer/Butn_Marks.mat using Guid(ed5fe8a9997fa5c4c96fef187e2a5355) Importer(815301076,1909f56bfc062723c751e8b465ee728b)  -> (artifact id: 'd6ac0e52e7df282545adbdf3a89b0ff5') in 0.012158 seconds 
  Import took 0.018617 seconds .

========================================================================
Received Import Request.
  Time since last request: 0.000298 seconds.
  path: Assets/Resource/Material/Circle.mat
  artifactKey: Guid(945ac39de625ae74ebd997c093eb21e6) Importer(815301076,1909f56bfc062723c751e8b465ee728b)
Start importing Assets/Resource/Material/Circle.mat using Guid(945ac39de625ae74ebd997c093eb21e6) Importer(815301076,1909f56bfc062723c751e8b465ee728b)  -> (artifact id: '8217417fe3a61003af972c6f4a0c35ce') in 0.013854 seconds 
  Import took 0.020463 seconds .

========================================================================
Received Import Request.
  Time since last request: 0.000324 seconds.
  path: Assets/Resource/Material/Alpha_Smoke.mat
  artifactKey: Guid(66c00a57fd98d2a45a152c49f51998bd) Importer(815301076,1909f56bfc062723c751e8b465ee728b)
Start importing Assets/Resource/Material/Alpha_Smoke.mat using Guid(66c00a57fd98d2a45a152c49f51998bd) Importer(815301076,1909f56bfc062723c751e8b465ee728b)  -> (artifact id: '2799e260770ed1dae7c4b1892380fab2') in 0.017332 seconds 
  Import took 0.023691 seconds .

========================================================================
Received Import Request.
  Time since last request: 11.171422 seconds.
  path: Assets/Prefabs/Player.prefab
  artifactKey: Guid(fdbd9a2422dcca54d8b31da9d32c070e) Importer(815301076,1909f56bfc062723c751e8b465ee728b)
Start importing Assets/Prefabs/Player.prefab using Guid(fdbd9a2422dcca54d8b31da9d32c070e) Importer(815301076,1909f56bfc062723c751e8b465ee728b)  -> (artifact id: 'ca81441e71a169050a5356ba7d28f655') in 0.035920 seconds 
  Import took 0.045746 seconds .

AssetImportWorkerClient::OnTransportError - code=2 error=End of file
