Using pre-set license
Built from '2020.3/staging' branch; Version is '2020.3.16f1 (049d6eca3c44) revision 302446'; Using compiler version '192528614'; Build Type 'Release'
OS: 'Windows 10 Home Single Language; OS build 19042.1526; Version 2009; 64bit' Language: 'ko' Physical Memory: 8032 MB
BatchMode: 1, IsHumanControllingUs: 0, StartBugReporterOnCrash: 0, Is64bit: 1, IsPro: 0

 COMMAND LINE ARGUMENTS:
C:\Unity\2020.3.16f1\Editor\Unity.exe
-adb2
-batchMode
-noUpm
-name
AssetImportWorker0
-projectPath
C:/Share_git/ShareSognando
-logFile
Logs/AssetImportWorker0.log
-srvPort
58164
Successfully changed project path to: C:/Share_git/ShareSognando
C:/Share_git/ShareSognando
Using Asset Import Pipeline V2.
Refreshing native plugins compatible for Editor in 65.16 ms, found 3 plugins.
Preloading 0 native plugins for Editor in 0.00 ms.
Initialize engine version: 2020.3.16f1 (049d6eca3c44)
[Subsystems] Discovering subsystems at path C:/Unity/2020.3.16f1/Editor/Data/Resources/UnitySubsystems
[Subsystems] Discovering subsystems at path C:/Share_git/ShareSognando/Assets
GfxDevice: creating device client; threaded=0
Direct3D:
    Version:  Direct3D 11.0 [level 11.1]
    Renderer: NVIDIA GeForce GTX 1660 Ti with Max-Q Design (ID=0x2191)
    Vendor:   
    VRAM:     5991 MB
    Driver:   30.0.14.7247
Shader 'Universal Render Pipeline/Particles/Lit': fallback shader 'Universal Render Pipeline/Particles/SimpleLit' not found
Initialize mono
Mono path[0] = 'C:/Unity/2020.3.16f1/Editor/Data/Managed'
Mono path[1] = 'C:/Unity/2020.3.16f1/Editor/Data/MonoBleedingEdge/lib/mono/unityjit'
Mono config path = 'C:/Unity/2020.3.16f1/Editor/Data/MonoBleedingEdge/etc'
Using monoOptions --debugger-agent=transport=dt_socket,embedding=1,server=y,suspend=n,address=127.0.0.1:56196
Begin MonoManager ReloadAssembly
Registering precompiled unity dll's ...
Register platform support module: C:/Unity/2020.3.16f1/Editor/Data/PlaybackEngines/WindowsStandaloneSupport/UnityEditor.WindowsStandalone.Extensions.dll
Registered in 0.003220 seconds.
Native extension for WindowsStandalone target not found
Refreshing native plugins compatible for Editor in 62.60 ms, found 3 plugins.
Preloading 0 native plugins for Editor in 0.00 ms.
Mono: successfully reloaded assembly
- Completed reload, in  1.191 seconds
Domain Reload Profiling:
	ReloadAssembly (1191ms)
		BeginReloadAssembly (61ms)
			ExecutionOrderSort (0ms)
			DisableScriptedObjects (0ms)
			BackupInstance (0ms)
			ReleaseScriptingObjects (0ms)
			CreateAndSetChildDomain (1ms)
		EndReloadAssembly (407ms)
			LoadAssemblies (57ms)
			RebuildTransferFunctionScriptingTraits (0ms)
			SetupTypeCache (138ms)
			ReleaseScriptCaches (0ms)
			RebuildScriptCaches (27ms)
			SetupLoadedEditorAssemblies (165ms)
				LogAssemblyErrors (0ms)
				InitializePlatformSupportModulesInManaged (3ms)
				SetLoadedEditorAssemblies (0ms)
				RefreshPlugins (63ms)
				BeforeProcessingInitializeOnLoad (7ms)
				ProcessInitializeOnLoadAttributes (66ms)
				ProcessInitializeOnLoadMethodAttributes (26ms)
				AfterProcessingInitializeOnLoad (0ms)
				EditorAssembliesLoaded (0ms)
			ExecutionOrderSort2 (0ms)
			AwakeInstancesAfterBackupRestoration (0ms)
Platform modules already initialized, skipping
Registering precompiled user dll's ...
Registered in 0.007949 seconds.
Begin MonoManager ReloadAssembly
Native extension for WindowsStandalone target not found
Refreshing native plugins compatible for Editor in 58.25 ms, found 3 plugins.
Preloading 0 native plugins for Editor in 0.00 ms.
Mono: successfully reloaded assembly
- Completed reload, in  1.333 seconds
Domain Reload Profiling:
	ReloadAssembly (1334ms)
		BeginReloadAssembly (146ms)
			ExecutionOrderSort (0ms)
			DisableScriptedObjects (4ms)
			BackupInstance (0ms)
			ReleaseScriptingObjects (0ms)
			CreateAndSetChildDomain (18ms)
		EndReloadAssembly (1121ms)
			LoadAssemblies (112ms)
			RebuildTransferFunctionScriptingTraits (0ms)
			SetupTypeCache (315ms)
			ReleaseScriptCaches (1ms)
			RebuildScriptCaches (55ms)
			SetupLoadedEditorAssemblies (513ms)
				LogAssemblyErrors (0ms)
				InitializePlatformSupportModulesInManaged (3ms)
				SetLoadedEditorAssemblies (0ms)
				RefreshPlugins (58ms)
				BeforeProcessingInitializeOnLoad (93ms)
				ProcessInitializeOnLoadAttributes (317ms)
				ProcessInitializeOnLoadMethodAttributes (25ms)
				AfterProcessingInitializeOnLoad (16ms)
				EditorAssembliesLoaded (0ms)
			ExecutionOrderSort2 (0ms)
			AwakeInstancesAfterBackupRestoration (13ms)
Platform modules already initialized, skipping
========================================================================
Worker process is ready to serve import requests
Shader 'Universal Render Pipeline/Particles/Lit': fallback shader 'Universal Render Pipeline/Particles/SimpleLit' not found
Launched and connected shader compiler UnityShaderCompiler.exe after 0.12 seconds
Refreshing native plugins compatible for Editor in 1.61 ms, found 3 plugins.
Preloading 0 native plugins for Editor in 0.00 ms.
Unloading 3414 Unused Serialized files (Serialized files now loaded: 0)
System memory in use before: 218.6 MB.
System memory in use after: 218.8 MB.

Unloading 30 unused Assets to reduce memory usage. Loaded Objects now: 3855.
Total: 8.975500 ms (FindLiveObjects: 0.576900 ms CreateObjectMapping: 0.335300 ms MarkObjects: 7.929300 ms  DeleteObjects: 0.131800 ms)

AssetImportParameters requested are different than current active one (requested -> active):
  custom:framework-win-MediaFoundation: 216162199b28c13a410421893ffa2e32 -> 
  custom:video-decoder-ogg-theora: a1e56fd34408186e4bbccfd4996cb3dc -> 
  custom:container-muxer-webm: aa71ff27fc2769a1b78a27578f13a17b -> 
  custom:container-demuxer-webm: 4f35f7cbe854078d1ac9338744f61a02 -> 
  custom:container-demuxer-ogg: 62fdf1f143b41e24485cea50d1cbac27 -> 
  custom:video-encoder-webm-vp8: eb34c28f22e8b96e1ab97ce403110664 -> 
  custom:video-decoder-webm-vp8: 9c59270c3fd7afecdb556c50c9e8de78 -> 
  custom:audio-decoder-ogg-vorbis: bf7c407c2cedff20999df2af8eb42d56 -> 
  custom:audio-encoder-webm-vorbis: bf7c407c2cedff20999df2af8eb42d56 -> 
========================================================================
Received Import Request.
  path: Assets/Scripts/Disruptor.cs
  artifactKey: Guid(fb1e934b770e22c468f3dee6c8a3ce38) Importer(815301076,1909f56bfc062723c751e8b465ee728b)
Start importing Assets/Scripts/Disruptor.cs using Guid(fb1e934b770e22c468f3dee6c8a3ce38) Importer(815301076,1909f56bfc062723c751e8b465ee728b)  -> (artifact id: '00000000000000000000000000000000') in 0.046789 seconds  code(4) message(Build asset version error: assets/scripts/disruptor.cs in SourceAssetDB has modification time of '2022-02-21T11:45:34.3426248Z' while content on disk has modification time of '2022-02-21T11:50:28.4900675Z')
  ERROR: Build asset version error: assets/scripts/disruptor.cs in SourceAssetDB has modification time of '2022-02-21T11:45:34.3426248Z' while content on disk has modification time of '2022-02-21T11:50:28.4900675Z'
  Import took 0.055183 seconds .

========================================================================
Received Import Request.
  Time since last request: 0.014466 seconds.
  path: Assets/Scripts/Disruptor.cs
  artifactKey: Guid(fb1e934b770e22c468f3dee6c8a3ce38) Importer(815301076,1909f56bfc062723c751e8b465ee728b)
Start importing Assets/Scripts/Disruptor.cs using Guid(fb1e934b770e22c468f3dee6c8a3ce38) Importer(815301076,1909f56bfc062723c751e8b465ee728b)  -> (artifact id: '00000000000000000000000000000000') in 0.000516 seconds  code(4) message(Build asset version error: assets/scripts/disruptor.cs in SourceAssetDB has modification time of '2022-02-21T11:45:34.3426248Z' while content on disk has modification time of '2022-02-21T11:50:28.4900675Z')
  ERROR: Build asset version error: assets/scripts/disruptor.cs in SourceAssetDB has modification time of '2022-02-21T11:45:34.3426248Z' while content on disk has modification time of '2022-02-21T11:50:28.4900675Z'
  Import took 0.008967 seconds .

========================================================================
Received Import Request.
  Time since last request: 0.023729 seconds.
  path: Assets/Scripts/Disruptor.cs
  artifactKey: Guid(fb1e934b770e22c468f3dee6c8a3ce38) Importer(815301076,1909f56bfc062723c751e8b465ee728b)
Start importing Assets/Scripts/Disruptor.cs using Guid(fb1e934b770e22c468f3dee6c8a3ce38) Importer(815301076,1909f56bfc062723c751e8b465ee728b)  -> (artifact id: '00000000000000000000000000000000') in 0.000912 seconds  code(4) message(Build asset version error: assets/scripts/disruptor.cs in SourceAssetDB has modification time of '2022-02-21T11:45:34.3426248Z' while content on disk has modification time of '2022-02-21T11:50:28.4900675Z')
  ERROR: Build asset version error: assets/scripts/disruptor.cs in SourceAssetDB has modification time of '2022-02-21T11:45:34.3426248Z' while content on disk has modification time of '2022-02-21T11:50:28.4900675Z'
  Import took 0.012344 seconds .

========================================================================
Received Import Request.
  Time since last request: 0.023277 seconds.
  path: Assets/Scripts/Disruptor.cs
  artifactKey: Guid(fb1e934b770e22c468f3dee6c8a3ce38) Importer(815301076,1909f56bfc062723c751e8b465ee728b)
Start importing Assets/Scripts/Disruptor.cs using Guid(fb1e934b770e22c468f3dee6c8a3ce38) Importer(815301076,1909f56bfc062723c751e8b465ee728b)  -> (artifact id: '00000000000000000000000000000000') in 0.000516 seconds  code(4) message(Build asset version error: assets/scripts/disruptor.cs in SourceAssetDB has modification time of '2022-02-21T11:45:34.3426248Z' while content on disk has modification time of '2022-02-21T11:50:28.4900675Z')
  ERROR: Build asset version error: assets/scripts/disruptor.cs in SourceAssetDB has modification time of '2022-02-21T11:45:34.3426248Z' while content on disk has modification time of '2022-02-21T11:50:28.4900675Z'
  Import took 0.009395 seconds .

========================================================================
Received Import Request.
  Time since last request: 0.023384 seconds.
  path: Assets/Scripts/Disruptor.cs
  artifactKey: Guid(fb1e934b770e22c468f3dee6c8a3ce38) Importer(815301076,1909f56bfc062723c751e8b465ee728b)
Start importing Assets/Scripts/Disruptor.cs using Guid(fb1e934b770e22c468f3dee6c8a3ce38) Importer(815301076,1909f56bfc062723c751e8b465ee728b)  -> (artifact id: '00000000000000000000000000000000') in 0.000921 seconds  code(4) message(Build asset version error: assets/scripts/disruptor.cs in SourceAssetDB has modification time of '2022-02-21T11:45:34.3426248Z' while content on disk has modification time of '2022-02-21T11:50:28.4900675Z')
  ERROR: Build asset version error: assets/scripts/disruptor.cs in SourceAssetDB has modification time of '2022-02-21T11:45:34.3426248Z' while content on disk has modification time of '2022-02-21T11:50:28.4900675Z'
  Import took 0.009874 seconds .

========================================================================
Received Import Request.
  Time since last request: 0.021477 seconds.
  path: Assets/Scripts/Disruptor.cs
  artifactKey: Guid(fb1e934b770e22c468f3dee6c8a3ce38) Importer(815301076,1909f56bfc062723c751e8b465ee728b)
Start importing Assets/Scripts/Disruptor.cs using Guid(fb1e934b770e22c468f3dee6c8a3ce38) Importer(815301076,1909f56bfc062723c751e8b465ee728b)  -> (artifact id: '00000000000000000000000000000000') in 0.000761 seconds  code(4) message(Build asset version error: assets/scripts/disruptor.cs in SourceAssetDB has modification time of '2022-02-21T11:45:34.3426248Z' while content on disk has modification time of '2022-02-21T11:50:28.4900675Z')
  ERROR: Build asset version error: assets/scripts/disruptor.cs in SourceAssetDB has modification time of '2022-02-21T11:45:34.3426248Z' while content on disk has modification time of '2022-02-21T11:50:28.4900675Z'
  Import took 0.009473 seconds .

========================================================================
Received Import Request.
  Time since last request: 0.023151 seconds.
  path: Assets/Scripts/Disruptor.cs
  artifactKey: Guid(fb1e934b770e22c468f3dee6c8a3ce38) Importer(815301076,1909f56bfc062723c751e8b465ee728b)
Start importing Assets/Scripts/Disruptor.cs using Guid(fb1e934b770e22c468f3dee6c8a3ce38) Importer(815301076,1909f56bfc062723c751e8b465ee728b)  -> (artifact id: '00000000000000000000000000000000') in 0.000702 seconds  code(4) message(Build asset version error: assets/scripts/disruptor.cs in SourceAssetDB has modification time of '2022-02-21T11:45:34.3426248Z' while content on disk has modification time of '2022-02-21T11:50:28.4900675Z')
  ERROR: Build asset version error: assets/scripts/disruptor.cs in SourceAssetDB has modification time of '2022-02-21T11:45:34.3426248Z' while content on disk has modification time of '2022-02-21T11:50:28.4900675Z'
  Import took 0.009980 seconds .

========================================================================
Received Import Request.
  Time since last request: 0.020933 seconds.
  path: Assets/Scripts/Disruptor.cs
  artifactKey: Guid(fb1e934b770e22c468f3dee6c8a3ce38) Importer(815301076,1909f56bfc062723c751e8b465ee728b)
Start importing Assets/Scripts/Disruptor.cs using Guid(fb1e934b770e22c468f3dee6c8a3ce38) Importer(815301076,1909f56bfc062723c751e8b465ee728b)  -> (artifact id: '00000000000000000000000000000000') in 0.000682 seconds  code(4) message(Build asset version error: assets/scripts/disruptor.cs in SourceAssetDB has modification time of '2022-02-21T11:45:34.3426248Z' while content on disk has modification time of '2022-02-21T11:50:28.4900675Z')
  ERROR: Build asset version error: assets/scripts/disruptor.cs in SourceAssetDB has modification time of '2022-02-21T11:45:34.3426248Z' while content on disk has modification time of '2022-02-21T11:50:28.4900675Z'
  Import took 0.007588 seconds .

========================================================================
Received Import Request.
  Time since last request: 0.032993 seconds.
  path: Assets/Scripts/Disruptor.cs
  artifactKey: Guid(fb1e934b770e22c468f3dee6c8a3ce38) Importer(815301076,1909f56bfc062723c751e8b465ee728b)
Start importing Assets/Scripts/Disruptor.cs using Guid(fb1e934b770e22c468f3dee6c8a3ce38) Importer(815301076,1909f56bfc062723c751e8b465ee728b)  -> (artifact id: '00000000000000000000000000000000') in 0.001445 seconds  code(4) message(Build asset version error: assets/scripts/disruptor.cs in SourceAssetDB has modification time of '2022-02-21T11:45:34.3426248Z' while content on disk has modification time of '2022-02-21T11:50:28.4900675Z')
  ERROR: Build asset version error: assets/scripts/disruptor.cs in SourceAssetDB has modification time of '2022-02-21T11:45:34.3426248Z' while content on disk has modification time of '2022-02-21T11:50:28.4900675Z'
  Import took 0.010092 seconds .

========================================================================
Received Import Request.
  Time since last request: 0.022979 seconds.
  path: Assets/Scripts/Disruptor.cs
  artifactKey: Guid(fb1e934b770e22c468f3dee6c8a3ce38) Importer(815301076,1909f56bfc062723c751e8b465ee728b)
Start importing Assets/Scripts/Disruptor.cs using Guid(fb1e934b770e22c468f3dee6c8a3ce38) Importer(815301076,1909f56bfc062723c751e8b465ee728b)  -> (artifact id: '00000000000000000000000000000000') in 0.000759 seconds  code(4) message(Build asset version error: assets/scripts/disruptor.cs in SourceAssetDB has modification time of '2022-02-21T11:45:34.3426248Z' while content on disk has modification time of '2022-02-21T11:50:28.4900675Z')
  ERROR: Build asset version error: assets/scripts/disruptor.cs in SourceAssetDB has modification time of '2022-02-21T11:45:34.3426248Z' while content on disk has modification time of '2022-02-21T11:50:28.4900675Z'
  Import took 0.011543 seconds .

========================================================================
Received Import Request.
  Time since last request: 0.023420 seconds.
  path: Assets/Scripts/Disruptor.cs
  artifactKey: Guid(fb1e934b770e22c468f3dee6c8a3ce38) Importer(815301076,1909f56bfc062723c751e8b465ee728b)
Start importing Assets/Scripts/Disruptor.cs using Guid(fb1e934b770e22c468f3dee6c8a3ce38) Importer(815301076,1909f56bfc062723c751e8b465ee728b)  -> (artifact id: '00000000000000000000000000000000') in 0.001454 seconds  code(4) message(Build asset version error: assets/scripts/disruptor.cs in SourceAssetDB has modification time of '2022-02-21T11:45:34.3426248Z' while content on disk has modification time of '2022-02-21T11:50:28.4900675Z')
  ERROR: Build asset version error: assets/scripts/disruptor.cs in SourceAssetDB has modification time of '2022-02-21T11:45:34.3426248Z' while content on disk has modification time of '2022-02-21T11:50:28.4900675Z'
  Import took 0.010181 seconds .

========================================================================
Received Import Request.
  Time since last request: 0.017207 seconds.
  path: Assets/Scripts/Disruptor.cs
  artifactKey: Guid(fb1e934b770e22c468f3dee6c8a3ce38) Importer(815301076,1909f56bfc062723c751e8b465ee728b)
Start importing Assets/Scripts/Disruptor.cs using Guid(fb1e934b770e22c468f3dee6c8a3ce38) Importer(815301076,1909f56bfc062723c751e8b465ee728b)  -> (artifact id: '00000000000000000000000000000000') in 0.000520 seconds  code(4) message(Build asset version error: assets/scripts/disruptor.cs in SourceAssetDB has modification time of '2022-02-21T11:45:34.3426248Z' while content on disk has modification time of '2022-02-21T11:50:28.4900675Z')
  ERROR: Build asset version error: assets/scripts/disruptor.cs in SourceAssetDB has modification time of '2022-02-21T11:45:34.3426248Z' while content on disk has modification time of '2022-02-21T11:50:28.4900675Z'
  Import took 0.008073 seconds .

========================================================================
Received Import Request.
  Time since last request: 0.017666 seconds.
  path: Assets/Scripts/Disruptor.cs
  artifactKey: Guid(fb1e934b770e22c468f3dee6c8a3ce38) Importer(815301076,1909f56bfc062723c751e8b465ee728b)
Start importing Assets/Scripts/Disruptor.cs using Guid(fb1e934b770e22c468f3dee6c8a3ce38) Importer(815301076,1909f56bfc062723c751e8b465ee728b)  -> (artifact id: '00000000000000000000000000000000') in 0.000426 seconds  code(4) message(Build asset version error: assets/scripts/disruptor.cs in SourceAssetDB has modification time of '2022-02-21T11:45:34.3426248Z' while content on disk has modification time of '2022-02-21T11:50:28.4900675Z')
  ERROR: Build asset version error: assets/scripts/disruptor.cs in SourceAssetDB has modification time of '2022-02-21T11:45:34.3426248Z' while content on disk has modification time of '2022-02-21T11:50:28.4900675Z'
  Import took 0.007372 seconds .

========================================================================
Received Import Request.
  Time since last request: 0.019730 seconds.
  path: Assets/Scripts/Disruptor.cs
  artifactKey: Guid(fb1e934b770e22c468f3dee6c8a3ce38) Importer(815301076,1909f56bfc062723c751e8b465ee728b)
Start importing Assets/Scripts/Disruptor.cs using Guid(fb1e934b770e22c468f3dee6c8a3ce38) Importer(815301076,1909f56bfc062723c751e8b465ee728b)  -> (artifact id: '00000000000000000000000000000000') in 0.000513 seconds  code(4) message(Build asset version error: assets/scripts/disruptor.cs in SourceAssetDB has modification time of '2022-02-21T11:45:34.3426248Z' while content on disk has modification time of '2022-02-21T11:50:28.4900675Z')
  ERROR: Build asset version error: assets/scripts/disruptor.cs in SourceAssetDB has modification time of '2022-02-21T11:45:34.3426248Z' while content on disk has modification time of '2022-02-21T11:50:28.4900675Z'
  Import took 0.007541 seconds .

========================================================================
Received Import Request.
  Time since last request: 0.018823 seconds.
  path: Assets/Scripts/Disruptor.cs
  artifactKey: Guid(fb1e934b770e22c468f3dee6c8a3ce38) Importer(815301076,1909f56bfc062723c751e8b465ee728b)
Start importing Assets/Scripts/Disruptor.cs using Guid(fb1e934b770e22c468f3dee6c8a3ce38) Importer(815301076,1909f56bfc062723c751e8b465ee728b)  -> (artifact id: '00000000000000000000000000000000') in 0.000427 seconds  code(4) message(Build asset version error: assets/scripts/disruptor.cs in SourceAssetDB has modification time of '2022-02-21T11:45:34.3426248Z' while content on disk has modification time of '2022-02-21T11:50:28.4900675Z')
  ERROR: Build asset version error: assets/scripts/disruptor.cs in SourceAssetDB has modification time of '2022-02-21T11:45:34.3426248Z' while content on disk has modification time of '2022-02-21T11:50:28.4900675Z'
  Import took 0.007450 seconds .

========================================================================
Received Import Request.
  Time since last request: 2.657055 seconds.
  path: Assets/Scripts/Disruptor.cs
  artifactKey: Guid(fb1e934b770e22c468f3dee6c8a3ce38) Importer(815301076,1909f56bfc062723c751e8b465ee728b)
Start importing Assets/Scripts/Disruptor.cs using Guid(fb1e934b770e22c468f3dee6c8a3ce38) Importer(815301076,1909f56bfc062723c751e8b465ee728b)  -> (artifact id: '00000000000000000000000000000000') in 0.000341 seconds  code(4) message(Build asset version error: assets/scripts/disruptor.cs in SourceAssetDB has modification time of '2022-02-21T11:45:34.3426248Z' while content on disk has modification time of '2022-02-21T11:50:28.4900675Z')
  ERROR: Build asset version error: assets/scripts/disruptor.cs in SourceAssetDB has modification time of '2022-02-21T11:45:34.3426248Z' while content on disk has modification time of '2022-02-21T11:50:28.4900675Z'
  Import took 0.004690 seconds .

========================================================================
Received Import Request.
  Time since last request: 0.000588 seconds.
  path: Assets/Scripts/Disruptor.cs
  artifactKey: Guid(fb1e934b770e22c468f3dee6c8a3ce38) Importer(815301076,1909f56bfc062723c751e8b465ee728b)
Start importing Assets/Scripts/Disruptor.cs using Guid(fb1e934b770e22c468f3dee6c8a3ce38) Importer(815301076,1909f56bfc062723c751e8b465ee728b)  -> (artifact id: '00000000000000000000000000000000') in 0.000356 seconds  code(4) message(Build asset version error: assets/scripts/disruptor.cs in SourceAssetDB has modification time of '2022-02-21T11:45:34.3426248Z' while content on disk has modification time of '2022-02-21T11:50:28.4900675Z')
  ERROR: Build asset version error: assets/scripts/disruptor.cs in SourceAssetDB has modification time of '2022-02-21T11:45:34.3426248Z' while content on disk has modification time of '2022-02-21T11:50:28.4900675Z'
  Import took 0.004480 seconds .

========================================================================
Received Import Request.
  Time since last request: 0.021515 seconds.
  path: Assets/Scripts/Disruptor.cs
  artifactKey: Guid(fb1e934b770e22c468f3dee6c8a3ce38) Importer(815301076,1909f56bfc062723c751e8b465ee728b)
Start importing Assets/Scripts/Disruptor.cs using Guid(fb1e934b770e22c468f3dee6c8a3ce38) Importer(815301076,1909f56bfc062723c751e8b465ee728b)  -> (artifact id: '00000000000000000000000000000000') in 0.000353 seconds  code(4) message(Build asset version error: assets/scripts/disruptor.cs in SourceAssetDB has modification time of '2022-02-21T11:45:34.3426248Z' while content on disk has modification time of '2022-02-21T11:50:28.4900675Z')
  ERROR: Build asset version error: assets/scripts/disruptor.cs in SourceAssetDB has modification time of '2022-02-21T11:45:34.3426248Z' while content on disk has modification time of '2022-02-21T11:50:28.4900675Z'
  Import took 0.005449 seconds .

========================================================================
Received Import Request.
  Time since last request: 0.033290 seconds.
  path: Assets/Scripts/Disruptor.cs
  artifactKey: Guid(fb1e934b770e22c468f3dee6c8a3ce38) Importer(815301076,1909f56bfc062723c751e8b465ee728b)
Start importing Assets/Scripts/Disruptor.cs using Guid(fb1e934b770e22c468f3dee6c8a3ce38) Importer(815301076,1909f56bfc062723c751e8b465ee728b)  -> (artifact id: '00000000000000000000000000000000') in 0.000522 seconds  code(4) message(Build asset version error: assets/scripts/disruptor.cs in SourceAssetDB has modification time of '2022-02-21T11:45:34.3426248Z' while content on disk has modification time of '2022-02-21T11:50:28.4900675Z')
  ERROR: Build asset version error: assets/scripts/disruptor.cs in SourceAssetDB has modification time of '2022-02-21T11:45:34.3426248Z' while content on disk has modification time of '2022-02-21T11:50:28.4900675Z'
  Import took 0.008040 seconds .

========================================================================
Received Import Request.
  Time since last request: 0.021811 seconds.
  path: Assets/Scripts/Disruptor.cs
  artifactKey: Guid(fb1e934b770e22c468f3dee6c8a3ce38) Importer(815301076,1909f56bfc062723c751e8b465ee728b)
Start importing Assets/Scripts/Disruptor.cs using Guid(fb1e934b770e22c468f3dee6c8a3ce38) Importer(815301076,1909f56bfc062723c751e8b465ee728b)  -> (artifact id: '00000000000000000000000000000000') in 0.000517 seconds  code(4) message(Build asset version error: assets/scripts/disruptor.cs in SourceAssetDB has modification time of '2022-02-21T11:45:34.3426248Z' while content on disk has modification time of '2022-02-21T11:50:28.4900675Z')
  ERROR: Build asset version error: assets/scripts/disruptor.cs in SourceAssetDB has modification time of '2022-02-21T11:45:34.3426248Z' while content on disk has modification time of '2022-02-21T11:50:28.4900675Z'
  Import took 0.007043 seconds .

========================================================================
Received Import Request.
  Time since last request: 0.020298 seconds.
  path: Assets/Scripts/Disruptor.cs
  artifactKey: Guid(fb1e934b770e22c468f3dee6c8a3ce38) Importer(815301076,1909f56bfc062723c751e8b465ee728b)
Start importing Assets/Scripts/Disruptor.cs using Guid(fb1e934b770e22c468f3dee6c8a3ce38) Importer(815301076,1909f56bfc062723c751e8b465ee728b)  -> (artifact id: '00000000000000000000000000000000') in 0.000788 seconds  code(4) message(Build asset version error: assets/scripts/disruptor.cs in SourceAssetDB has modification time of '2022-02-21T11:45:34.3426248Z' while content on disk has modification time of '2022-02-21T11:50:28.4900675Z')
  ERROR: Build asset version error: assets/scripts/disruptor.cs in SourceAssetDB has modification time of '2022-02-21T11:45:34.3426248Z' while content on disk has modification time of '2022-02-21T11:50:28.4900675Z'
  Import took 0.006609 seconds .

========================================================================
Received Import Request.
  Time since last request: 0.020523 seconds.
  path: Assets/Scripts/Disruptor.cs
  artifactKey: Guid(fb1e934b770e22c468f3dee6c8a3ce38) Importer(815301076,1909f56bfc062723c751e8b465ee728b)
Start importing Assets/Scripts/Disruptor.cs using Guid(fb1e934b770e22c468f3dee6c8a3ce38) Importer(815301076,1909f56bfc062723c751e8b465ee728b)  -> (artifact id: '00000000000000000000000000000000') in 0.000416 seconds  code(4) message(Build asset version error: assets/scripts/disruptor.cs in SourceAssetDB has modification time of '2022-02-21T11:45:34.3426248Z' while content on disk has modification time of '2022-02-21T11:50:28.4900675Z')
  ERROR: Build asset version error: assets/scripts/disruptor.cs in SourceAssetDB has modification time of '2022-02-21T11:45:34.3426248Z' while content on disk has modification time of '2022-02-21T11:50:28.4900675Z'
  Import took 0.007507 seconds .

========================================================================
Received Import Request.
  Time since last request: 0.033814 seconds.
  path: Assets/Scripts/Disruptor.cs
  artifactKey: Guid(fb1e934b770e22c468f3dee6c8a3ce38) Importer(815301076,1909f56bfc062723c751e8b465ee728b)
Start importing Assets/Scripts/Disruptor.cs using Guid(fb1e934b770e22c468f3dee6c8a3ce38) Importer(815301076,1909f56bfc062723c751e8b465ee728b)  -> (artifact id: '00000000000000000000000000000000') in 0.001024 seconds  code(4) message(Build asset version error: assets/scripts/disruptor.cs in SourceAssetDB has modification time of '2022-02-21T11:45:34.3426248Z' while content on disk has modification time of '2022-02-21T11:50:28.4900675Z')
  ERROR: Build asset version error: assets/scripts/disruptor.cs in SourceAssetDB has modification time of '2022-02-21T11:45:34.3426248Z' while content on disk has modification time of '2022-02-21T11:50:28.4900675Z'
  Import took 0.008290 seconds .

========================================================================
Received Import Request.
  Time since last request: 0.019859 seconds.
  path: Assets/Scripts/Disruptor.cs
  artifactKey: Guid(fb1e934b770e22c468f3dee6c8a3ce38) Importer(815301076,1909f56bfc062723c751e8b465ee728b)
Start importing Assets/Scripts/Disruptor.cs using Guid(fb1e934b770e22c468f3dee6c8a3ce38) Importer(815301076,1909f56bfc062723c751e8b465ee728b)  -> (artifact id: '00000000000000000000000000000000') in 0.000530 seconds  code(4) message(Build asset version error: assets/scripts/disruptor.cs in SourceAssetDB has modification time of '2022-02-21T11:45:34.3426248Z' while content on disk has modification time of '2022-02-21T11:50:28.4900675Z')
  ERROR: Build asset version error: assets/scripts/disruptor.cs in SourceAssetDB has modification time of '2022-02-21T11:45:34.3426248Z' while content on disk has modification time of '2022-02-21T11:50:28.4900675Z'
  Import took 0.008131 seconds .

========================================================================
Received Import Request.
  Time since last request: 0.020477 seconds.
  path: Assets/Scripts/Disruptor.cs
  artifactKey: Guid(fb1e934b770e22c468f3dee6c8a3ce38) Importer(815301076,1909f56bfc062723c751e8b465ee728b)
Start importing Assets/Scripts/Disruptor.cs using Guid(fb1e934b770e22c468f3dee6c8a3ce38) Importer(815301076,1909f56bfc062723c751e8b465ee728b)  -> (artifact id: '00000000000000000000000000000000') in 0.000684 seconds  code(4) message(Build asset version error: assets/scripts/disruptor.cs in SourceAssetDB has modification time of '2022-02-21T11:45:34.3426248Z' while content on disk has modification time of '2022-02-21T11:50:28.4900675Z')
  ERROR: Build asset version error: assets/scripts/disruptor.cs in SourceAssetDB has modification time of '2022-02-21T11:45:34.3426248Z' while content on disk has modification time of '2022-02-21T11:50:28.4900675Z'
  Import took 0.008953 seconds .

========================================================================
Received Import Request.
  Time since last request: 0.021343 seconds.
  path: Assets/Scripts/Disruptor.cs
  artifactKey: Guid(fb1e934b770e22c468f3dee6c8a3ce38) Importer(815301076,1909f56bfc062723c751e8b465ee728b)
Start importing Assets/Scripts/Disruptor.cs using Guid(fb1e934b770e22c468f3dee6c8a3ce38) Importer(815301076,1909f56bfc062723c751e8b465ee728b)  -> (artifact id: '00000000000000000000000000000000') in 0.000411 seconds  code(4) message(Build asset version error: assets/scripts/disruptor.cs in SourceAssetDB has modification time of '2022-02-21T11:45:34.3426248Z' while content on disk has modification time of '2022-02-21T11:50:28.4900675Z')
  ERROR: Build asset version error: assets/scripts/disruptor.cs in SourceAssetDB has modification time of '2022-02-21T11:45:34.3426248Z' while content on disk has modification time of '2022-02-21T11:50:28.4900675Z'
  Import took 0.007373 seconds .

========================================================================
Received Import Request.
  Time since last request: 0.019443 seconds.
  path: Assets/Scripts/Disruptor.cs
  artifactKey: Guid(fb1e934b770e22c468f3dee6c8a3ce38) Importer(815301076,1909f56bfc062723c751e8b465ee728b)
Start importing Assets/Scripts/Disruptor.cs using Guid(fb1e934b770e22c468f3dee6c8a3ce38) Importer(815301076,1909f56bfc062723c751e8b465ee728b)  -> (artifact id: '00000000000000000000000000000000') in 0.000474 seconds  code(4) message(Build asset version error: assets/scripts/disruptor.cs in SourceAssetDB has modification time of '2022-02-21T11:45:34.3426248Z' while content on disk has modification time of '2022-02-21T11:50:28.4900675Z')
  ERROR: Build asset version error: assets/scripts/disruptor.cs in SourceAssetDB has modification time of '2022-02-21T11:45:34.3426248Z' while content on disk has modification time of '2022-02-21T11:50:28.4900675Z'
  Import took 0.006984 seconds .

========================================================================
Received Import Request.
  Time since last request: 0.023580 seconds.
  path: Assets/Scripts/Disruptor.cs
  artifactKey: Guid(fb1e934b770e22c468f3dee6c8a3ce38) Importer(815301076,1909f56bfc062723c751e8b465ee728b)
Start importing Assets/Scripts/Disruptor.cs using Guid(fb1e934b770e22c468f3dee6c8a3ce38) Importer(815301076,1909f56bfc062723c751e8b465ee728b)  -> (artifact id: '00000000000000000000000000000000') in 0.000500 seconds  code(4) message(Build asset version error: assets/scripts/disruptor.cs in SourceAssetDB has modification time of '2022-02-21T11:45:34.3426248Z' while content on disk has modification time of '2022-02-21T11:50:28.4900675Z')
  ERROR: Build asset version error: assets/scripts/disruptor.cs in SourceAssetDB has modification time of '2022-02-21T11:45:34.3426248Z' while content on disk has modification time of '2022-02-21T11:50:28.4900675Z'
  Import took 0.008217 seconds .

========================================================================
Received Import Request.
  Time since last request: 0.020095 seconds.
  path: Assets/Scripts/Disruptor.cs
  artifactKey: Guid(fb1e934b770e22c468f3dee6c8a3ce38) Importer(815301076,1909f56bfc062723c751e8b465ee728b)
Start importing Assets/Scripts/Disruptor.cs using Guid(fb1e934b770e22c468f3dee6c8a3ce38) Importer(815301076,1909f56bfc062723c751e8b465ee728b)  -> (artifact id: '00000000000000000000000000000000') in 0.000767 seconds  code(4) message(Build asset version error: assets/scripts/disruptor.cs in SourceAssetDB has modification time of '2022-02-21T11:45:34.3426248Z' while content on disk has modification time of '2022-02-21T11:50:28.4900675Z')
  ERROR: Build asset version error: assets/scripts/disruptor.cs in SourceAssetDB has modification time of '2022-02-21T11:45:34.3426248Z' while content on disk has modification time of '2022-02-21T11:50:28.4900675Z'
  Import took 0.006553 seconds .

========================================================================
Received Import Request.
  Time since last request: 0.019145 seconds.
  path: Assets/Scripts/Disruptor.cs
  artifactKey: Guid(fb1e934b770e22c468f3dee6c8a3ce38) Importer(815301076,1909f56bfc062723c751e8b465ee728b)
Start importing Assets/Scripts/Disruptor.cs using Guid(fb1e934b770e22c468f3dee6c8a3ce38) Importer(815301076,1909f56bfc062723c751e8b465ee728b)  -> (artifact id: '00000000000000000000000000000000') in 0.000483 seconds  code(4) message(Build asset version error: assets/scripts/disruptor.cs in SourceAssetDB has modification time of '2022-02-21T11:45:34.3426248Z' while content on disk has modification time of '2022-02-21T11:50:28.4900675Z')
  ERROR: Build asset version error: assets/scripts/disruptor.cs in SourceAssetDB has modification time of '2022-02-21T11:45:34.3426248Z' while content on disk has modification time of '2022-02-21T11:50:28.4900675Z'
  Import took 0.007284 seconds .

========================================================================
Received Import Request.
  Time since last request: 0.018571 seconds.
  path: Assets/Scripts/Disruptor.cs
  artifactKey: Guid(fb1e934b770e22c468f3dee6c8a3ce38) Importer(815301076,1909f56bfc062723c751e8b465ee728b)
Start importing Assets/Scripts/Disruptor.cs using Guid(fb1e934b770e22c468f3dee6c8a3ce38) Importer(815301076,1909f56bfc062723c751e8b465ee728b)  -> (artifact id: '00000000000000000000000000000000') in 0.000469 seconds  code(4) message(Build asset version error: assets/scripts/disruptor.cs in SourceAssetDB has modification time of '2022-02-21T11:45:34.3426248Z' while content on disk has modification time of '2022-02-21T11:50:28.4900675Z')
  ERROR: Build asset version error: assets/scripts/disruptor.cs in SourceAssetDB has modification time of '2022-02-21T11:45:34.3426248Z' while content on disk has modification time of '2022-02-21T11:50:28.4900675Z'
  Import took 0.006862 seconds .

========================================================================
Received Import Request.
  Time since last request: 0.026245 seconds.
  path: Assets/Scripts/Disruptor.cs
  artifactKey: Guid(fb1e934b770e22c468f3dee6c8a3ce38) Importer(815301076,1909f56bfc062723c751e8b465ee728b)
Start importing Assets/Scripts/Disruptor.cs using Guid(fb1e934b770e22c468f3dee6c8a3ce38) Importer(815301076,1909f56bfc062723c751e8b465ee728b)  -> (artifact id: '00000000000000000000000000000000') in 0.000467 seconds  code(4) message(Build asset version error: assets/scripts/disruptor.cs in SourceAssetDB has modification time of '2022-02-21T11:45:34.3426248Z' while content on disk has modification time of '2022-02-21T11:50:28.4900675Z')
  ERROR: Build asset version error: assets/scripts/disruptor.cs in SourceAssetDB has modification time of '2022-02-21T11:45:34.3426248Z' while content on disk has modification time of '2022-02-21T11:50:28.4900675Z'
  Import took 0.007208 seconds .

========================================================================
Received Import Request.
  Time since last request: 0.022687 seconds.
  path: Assets/Scripts/Disruptor.cs
  artifactKey: Guid(fb1e934b770e22c468f3dee6c8a3ce38) Importer(815301076,1909f56bfc062723c751e8b465ee728b)
Start importing Assets/Scripts/Disruptor.cs using Guid(fb1e934b770e22c468f3dee6c8a3ce38) Importer(815301076,1909f56bfc062723c751e8b465ee728b)  -> (artifact id: '00000000000000000000000000000000') in 0.000559 seconds  code(4) message(Build asset version error: assets/scripts/disruptor.cs in SourceAssetDB has modification time of '2022-02-21T11:45:34.3426248Z' while content on disk has modification time of '2022-02-21T11:50:28.4900675Z')
  ERROR: Build asset version error: assets/scripts/disruptor.cs in SourceAssetDB has modification time of '2022-02-21T11:45:34.3426248Z' while content on disk has modification time of '2022-02-21T11:50:28.4900675Z'
  Import took 0.007521 seconds .

========================================================================
Received Import Request.
  Time since last request: 0.019289 seconds.
  path: Assets/Scripts/Disruptor.cs
  artifactKey: Guid(fb1e934b770e22c468f3dee6c8a3ce38) Importer(815301076,1909f56bfc062723c751e8b465ee728b)
Start importing Assets/Scripts/Disruptor.cs using Guid(fb1e934b770e22c468f3dee6c8a3ce38) Importer(815301076,1909f56bfc062723c751e8b465ee728b)  -> (artifact id: '00000000000000000000000000000000') in 0.000501 seconds  code(4) message(Build asset version error: assets/scripts/disruptor.cs in SourceAssetDB has modification time of '2022-02-21T11:45:34.3426248Z' while content on disk has modification time of '2022-02-21T11:50:28.4900675Z')
  ERROR: Build asset version error: assets/scripts/disruptor.cs in SourceAssetDB has modification time of '2022-02-21T11:45:34.3426248Z' while content on disk has modification time of '2022-02-21T11:50:28.4900675Z'
  Import took 0.007263 seconds .

========================================================================
Received Import Request.
  Time since last request: 0.018129 seconds.
  path: Assets/Scripts/Disruptor.cs
  artifactKey: Guid(fb1e934b770e22c468f3dee6c8a3ce38) Importer(815301076,1909f56bfc062723c751e8b465ee728b)
Start importing Assets/Scripts/Disruptor.cs using Guid(fb1e934b770e22c468f3dee6c8a3ce38) Importer(815301076,1909f56bfc062723c751e8b465ee728b)  -> (artifact id: '00000000000000000000000000000000') in 0.000570 seconds  code(4) message(Build asset version error: assets/scripts/disruptor.cs in SourceAssetDB has modification time of '2022-02-21T11:45:34.3426248Z' while content on disk has modification time of '2022-02-21T11:50:28.4900675Z')
  ERROR: Build asset version error: assets/scripts/disruptor.cs in SourceAssetDB has modification time of '2022-02-21T11:45:34.3426248Z' while content on disk has modification time of '2022-02-21T11:50:28.4900675Z'
  Import took 0.007317 seconds .

========================================================================
Received Import Request.
  Time since last request: 0.020703 seconds.
  path: Assets/Scripts/Disruptor.cs
  artifactKey: Guid(fb1e934b770e22c468f3dee6c8a3ce38) Importer(815301076,1909f56bfc062723c751e8b465ee728b)
Start importing Assets/Scripts/Disruptor.cs using Guid(fb1e934b770e22c468f3dee6c8a3ce38) Importer(815301076,1909f56bfc062723c751e8b465ee728b)  -> (artifact id: '00000000000000000000000000000000') in 0.000642 seconds  code(4) message(Build asset version error: assets/scripts/disruptor.cs in SourceAssetDB has modification time of '2022-02-21T11:45:34.3426248Z' while content on disk has modification time of '2022-02-21T11:50:28.4900675Z')
  ERROR: Build asset version error: assets/scripts/disruptor.cs in SourceAssetDB has modification time of '2022-02-21T11:45:34.3426248Z' while content on disk has modification time of '2022-02-21T11:50:28.4900675Z'
  Import took 0.007572 seconds .

========================================================================
Received Prepare
Registering precompiled user dll's ...
Registered in 0.008483 seconds.
Begin MonoManager ReloadAssembly
Native extension for WindowsStandalone target not found
Refreshing native plugins compatible for Editor in 0.62 ms, found 3 plugins.
Preloading 0 native plugins for Editor in 0.00 ms.
Mono: successfully reloaded assembly
- Completed reload, in  1.148 seconds
Domain Reload Profiling:
	ReloadAssembly (1149ms)
		BeginReloadAssembly (132ms)
			ExecutionOrderSort (0ms)
			DisableScriptedObjects (6ms)
			BackupInstance (0ms)
			ReleaseScriptingObjects (0ms)
			CreateAndSetChildDomain (35ms)
		EndReloadAssembly (951ms)
			LoadAssemblies (111ms)
			RebuildTransferFunctionScriptingTraits (0ms)
			SetupTypeCache (307ms)
			ReleaseScriptCaches (2ms)
			RebuildScriptCaches (45ms)
			SetupLoadedEditorAssemblies (378ms)
				LogAssemblyErrors (0ms)
				InitializePlatformSupportModulesInManaged (4ms)
				SetLoadedEditorAssemblies (0ms)
				RefreshPlugins (1ms)
				BeforeProcessingInitializeOnLoad (80ms)
				ProcessInitializeOnLoadAttributes (277ms)
				ProcessInitializeOnLoadMethodAttributes (5ms)
				AfterProcessingInitializeOnLoad (11ms)
				EditorAssembliesLoaded (0ms)
			ExecutionOrderSort2 (0ms)
			AwakeInstancesAfterBackupRestoration (13ms)
Platform modules already initialized, skipping
Shader 'Universal Render Pipeline/Particles/Lit': fallback shader 'Universal Render Pipeline/Particles/SimpleLit' not found
Refreshing native plugins compatible for Editor in 0.69 ms, found 3 plugins.
Preloading 0 native plugins for Editor in 0.00 ms.
Unloading 3298 Unused Serialized files (Serialized files now loaded: 0)
System memory in use before: 210.8 MB.
System memory in use after: 211.0 MB.

Unloading 18 unused Assets to reduce memory usage. Loaded Objects now: 3858.
Total: 4.775900 ms (FindLiveObjects: 0.403500 ms CreateObjectMapping: 0.221000 ms MarkObjects: 4.130300 ms  DeleteObjects: 0.020200 ms)

AssetImportParameters requested are different than current active one (requested -> active):
  custom:framework-win-MediaFoundation: 216162199b28c13a410421893ffa2e32 -> 
  custom:video-decoder-ogg-theora: a1e56fd34408186e4bbccfd4996cb3dc -> 
  custom:container-muxer-webm: aa71ff27fc2769a1b78a27578f13a17b -> 
  custom:container-demuxer-webm: 4f35f7cbe854078d1ac9338744f61a02 -> 
  custom:container-demuxer-ogg: 62fdf1f143b41e24485cea50d1cbac27 -> 
  custom:video-encoder-webm-vp8: eb34c28f22e8b96e1ab97ce403110664 -> 
  custom:video-decoder-webm-vp8: 9c59270c3fd7afecdb556c50c9e8de78 -> 
  custom:audio-decoder-ogg-vorbis: bf7c407c2cedff20999df2af8eb42d56 -> 
  custom:audio-encoder-webm-vorbis: bf7c407c2cedff20999df2af8eb42d56 -> 
========================================================================
Received Import Request.
  Time since last request: 5.923956 seconds.
  path: Assets/Scripts/disruptor.cs
  artifactKey: Guid(fb1e934b770e22c468f3dee6c8a3ce38) Importer(815301076,1909f56bfc062723c751e8b465ee728b)
Start importing Assets/Scripts/disruptor.cs using Guid(fb1e934b770e22c468f3dee6c8a3ce38) Importer(815301076,1909f56bfc062723c751e8b465ee728b)  -> (artifact id: 'dd27c6c953e9e9cf54522b1bcd197d7c') in 0.012705 seconds 
  Import took 0.019987 seconds .

========================================================================
Received Prepare
Registering precompiled user dll's ...
Registered in 0.010667 seconds.
Begin MonoManager ReloadAssembly
Native extension for WindowsStandalone target not found
Refreshing native plugins compatible for Editor in 1.20 ms, found 3 plugins.
Preloading 0 native plugins for Editor in 0.00 ms.
Mono: successfully reloaded assembly
- Completed reload, in  1.206 seconds
Domain Reload Profiling:
	ReloadAssembly (1206ms)
		BeginReloadAssembly (129ms)
			ExecutionOrderSort (0ms)
			DisableScriptedObjects (5ms)
			BackupInstance (0ms)
			ReleaseScriptingObjects (0ms)
			CreateAndSetChildDomain (40ms)
		EndReloadAssembly (1007ms)
			LoadAssemblies (118ms)
			RebuildTransferFunctionScriptingTraits (0ms)
			SetupTypeCache (328ms)
			ReleaseScriptCaches (1ms)
			RebuildScriptCaches (45ms)
			SetupLoadedEditorAssemblies (392ms)
				LogAssemblyErrors (0ms)
				InitializePlatformSupportModulesInManaged (4ms)
				SetLoadedEditorAssemblies (0ms)
				RefreshPlugins (1ms)
				BeforeProcessingInitializeOnLoad (81ms)
				ProcessInitializeOnLoadAttributes (286ms)
				ProcessInitializeOnLoadMethodAttributes (7ms)
				AfterProcessingInitializeOnLoad (11ms)
				EditorAssembliesLoaded (0ms)
			ExecutionOrderSort2 (0ms)
			AwakeInstancesAfterBackupRestoration (13ms)
Platform modules already initialized, skipping
Shader 'Universal Render Pipeline/Particles/Lit': fallback shader 'Universal Render Pipeline/Particles/SimpleLit' not found
Refreshing native plugins compatible for Editor in 1.40 ms, found 3 plugins.
Preloading 0 native plugins for Editor in 0.00 ms.
Unloading 3298 Unused Serialized files (Serialized files now loaded: 0)
System memory in use before: 210.8 MB.
System memory in use after: 211.1 MB.

Unloading 18 unused Assets to reduce memory usage. Loaded Objects now: 3861.
Total: 5.213000 ms (FindLiveObjects: 0.559200 ms CreateObjectMapping: 0.250300 ms MarkObjects: 4.363500 ms  DeleteObjects: 0.038100 ms)

AssetImportParameters requested are different than current active one (requested -> active):
  custom:framework-win-MediaFoundation: 216162199b28c13a410421893ffa2e32 -> 
  custom:video-decoder-ogg-theora: a1e56fd34408186e4bbccfd4996cb3dc -> 
  custom:container-muxer-webm: aa71ff27fc2769a1b78a27578f13a17b -> 
  custom:container-demuxer-webm: 4f35f7cbe854078d1ac9338744f61a02 -> 
  custom:container-demuxer-ogg: 62fdf1f143b41e24485cea50d1cbac27 -> 
  custom:video-encoder-webm-vp8: eb34c28f22e8b96e1ab97ce403110664 -> 
  custom:video-decoder-webm-vp8: 9c59270c3fd7afecdb556c50c9e8de78 -> 
  custom:audio-decoder-ogg-vorbis: bf7c407c2cedff20999df2af8eb42d56 -> 
  custom:audio-encoder-webm-vorbis: bf7c407c2cedff20999df2af8eb42d56 -> 
========================================================================
Received Import Request.
  Time since last request: 35.292557 seconds.
  path: Assets/Scripts/Disruptor.cs
  artifactKey: Guid(fb1e934b770e22c468f3dee6c8a3ce38) Importer(815301076,1909f56bfc062723c751e8b465ee728b)
Start importing Assets/Scripts/Disruptor.cs using Guid(fb1e934b770e22c468f3dee6c8a3ce38) Importer(815301076,1909f56bfc062723c751e8b465ee728b)  -> (artifact id: 'd9c8f9a7e5a19857b3e825d55d96743e') in 0.011505 seconds 
  Import took 0.019120 seconds .

========================================================================
Received Prepare
Registering precompiled user dll's ...
Registered in 0.007158 seconds.
Begin MonoManager ReloadAssembly
Native extension for WindowsStandalone target not found
Refreshing native plugins compatible for Editor in 0.79 ms, found 3 plugins.
Preloading 0 native plugins for Editor in 0.00 ms.
Mono: successfully reloaded assembly
- Completed reload, in  1.140 seconds
Domain Reload Profiling:
	ReloadAssembly (1140ms)
		BeginReloadAssembly (147ms)
			ExecutionOrderSort (0ms)
			DisableScriptedObjects (5ms)
			BackupInstance (0ms)
			ReleaseScriptingObjects (0ms)
			CreateAndSetChildDomain (48ms)
		EndReloadAssembly (927ms)
			LoadAssemblies (111ms)
			RebuildTransferFunctionScriptingTraits (0ms)
			SetupTypeCache (290ms)
			ReleaseScriptCaches (1ms)
			RebuildScriptCaches (46ms)
			SetupLoadedEditorAssemblies (375ms)
				LogAssemblyErrors (0ms)
				InitializePlatformSupportModulesInManaged (4ms)
				SetLoadedEditorAssemblies (0ms)
				RefreshPlugins (1ms)
				BeforeProcessingInitializeOnLoad (76ms)
				ProcessInitializeOnLoadAttributes (277ms)
				ProcessInitializeOnLoadMethodAttributes (5ms)
				AfterProcessingInitializeOnLoad (11ms)
				EditorAssembliesLoaded (0ms)
			ExecutionOrderSort2 (0ms)
			AwakeInstancesAfterBackupRestoration (15ms)
Platform modules already initialized, skipping
Shader 'Universal Render Pipeline/Particles/Lit': fallback shader 'Universal Render Pipeline/Particles/SimpleLit' not found
Refreshing native plugins compatible for Editor in 2.84 ms, found 3 plugins.
Preloading 0 native plugins for Editor in 0.00 ms.
Unloading 3298 Unused Serialized files (Serialized files now loaded: 0)
System memory in use before: 210.8 MB.
System memory in use after: 211.1 MB.

Unloading 18 unused Assets to reduce memory usage. Loaded Objects now: 3864.
Total: 6.096100 ms (FindLiveObjects: 0.544800 ms CreateObjectMapping: 0.227000 ms MarkObjects: 5.290600 ms  DeleteObjects: 0.032000 ms)

AssetImportParameters requested are different than current active one (requested -> active):
  custom:framework-win-MediaFoundation: 216162199b28c13a410421893ffa2e32 -> 
  custom:video-decoder-ogg-theora: a1e56fd34408186e4bbccfd4996cb3dc -> 
  custom:container-muxer-webm: aa71ff27fc2769a1b78a27578f13a17b -> 
  custom:container-demuxer-webm: 4f35f7cbe854078d1ac9338744f61a02 -> 
  custom:container-demuxer-ogg: 62fdf1f143b41e24485cea50d1cbac27 -> 
  custom:video-encoder-webm-vp8: eb34c28f22e8b96e1ab97ce403110664 -> 
  custom:video-decoder-webm-vp8: 9c59270c3fd7afecdb556c50c9e8de78 -> 
  custom:audio-decoder-ogg-vorbis: bf7c407c2cedff20999df2af8eb42d56 -> 
  custom:audio-encoder-webm-vorbis: bf7c407c2cedff20999df2af8eb42d56 -> 
========================================================================
Received Prepare
Registering precompiled user dll's ...
Registered in 0.016967 seconds.
Begin MonoManager ReloadAssembly
Native extension for WindowsStandalone target not found
Refreshing native plugins compatible for Editor in 0.71 ms, found 3 plugins.
Preloading 0 native plugins for Editor in 0.00 ms.
Mono: successfully reloaded assembly
- Completed reload, in  1.381 seconds
Domain Reload Profiling:
	ReloadAssembly (1382ms)
		BeginReloadAssembly (153ms)
			ExecutionOrderSort (0ms)
			DisableScriptedObjects (7ms)
			BackupInstance (0ms)
			ReleaseScriptingObjects (0ms)
			CreateAndSetChildDomain (48ms)
		EndReloadAssembly (1153ms)
			LoadAssemblies (190ms)
			RebuildTransferFunctionScriptingTraits (0ms)
			SetupTypeCache (350ms)
			ReleaseScriptCaches (1ms)
			RebuildScriptCaches (53ms)
			SetupLoadedEditorAssemblies (436ms)
				LogAssemblyErrors (0ms)
				InitializePlatformSupportModulesInManaged (5ms)
				SetLoadedEditorAssemblies (0ms)
				RefreshPlugins (1ms)
				BeforeProcessingInitializeOnLoad (88ms)
				ProcessInitializeOnLoadAttributes (324ms)
				ProcessInitializeOnLoadMethodAttributes (6ms)
				AfterProcessingInitializeOnLoad (13ms)
				EditorAssembliesLoaded (0ms)
			ExecutionOrderSort2 (0ms)
			AwakeInstancesAfterBackupRestoration (17ms)
Platform modules already initialized, skipping
Shader 'Universal Render Pipeline/Particles/Lit': fallback shader 'Universal Render Pipeline/Particles/SimpleLit' not found
Refreshing native plugins compatible for Editor in 1.35 ms, found 3 plugins.
Preloading 0 native plugins for Editor in 0.00 ms.
Unloading 3298 Unused Serialized files (Serialized files now loaded: 0)
System memory in use before: 210.9 MB.
System memory in use after: 211.1 MB.

Unloading 18 unused Assets to reduce memory usage. Loaded Objects now: 3867.
Total: 6.233100 ms (FindLiveObjects: 0.626500 ms CreateObjectMapping: 0.942300 ms MarkObjects: 4.637100 ms  DeleteObjects: 0.026000 ms)

AssetImportParameters requested are different than current active one (requested -> active):
  custom:framework-win-MediaFoundation: 216162199b28c13a410421893ffa2e32 -> 
  custom:video-decoder-ogg-theora: a1e56fd34408186e4bbccfd4996cb3dc -> 
  custom:container-muxer-webm: aa71ff27fc2769a1b78a27578f13a17b -> 
  custom:container-demuxer-webm: 4f35f7cbe854078d1ac9338744f61a02 -> 
  custom:container-demuxer-ogg: 62fdf1f143b41e24485cea50d1cbac27 -> 
  custom:video-encoder-webm-vp8: eb34c28f22e8b96e1ab97ce403110664 -> 
  custom:video-decoder-webm-vp8: 9c59270c3fd7afecdb556c50c9e8de78 -> 
  custom:audio-decoder-ogg-vorbis: bf7c407c2cedff20999df2af8eb42d56 -> 
  custom:audio-encoder-webm-vorbis: bf7c407c2cedff20999df2af8eb42d56 -> 
========================================================================
Received Prepare
Registering precompiled user dll's ...
Registered in 0.022957 seconds.
Begin MonoManager ReloadAssembly
Native extension for WindowsStandalone target not found
Refreshing native plugins compatible for Editor in 1.80 ms, found 3 plugins.
Preloading 0 native plugins for Editor in 0.00 ms.
Mono: successfully reloaded assembly
- Completed reload, in  1.350 seconds
Domain Reload Profiling:
	ReloadAssembly (1350ms)
		BeginReloadAssembly (158ms)
			ExecutionOrderSort (0ms)
			DisableScriptedObjects (7ms)
			BackupInstance (0ms)
			ReleaseScriptingObjects (0ms)
			CreateAndSetChildDomain (53ms)
		EndReloadAssembly (1117ms)
			LoadAssemblies (133ms)
			RebuildTransferFunctionScriptingTraits (0ms)
			SetupTypeCache (352ms)
			ReleaseScriptCaches (1ms)
			RebuildScriptCaches (51ms)
			SetupLoadedEditorAssemblies (443ms)
				LogAssemblyErrors (0ms)
				InitializePlatformSupportModulesInManaged (6ms)
				SetLoadedEditorAssemblies (1ms)
				RefreshPlugins (2ms)
				BeforeProcessingInitializeOnLoad (93ms)
				ProcessInitializeOnLoadAttributes (324ms)
				ProcessInitializeOnLoadMethodAttributes (6ms)
				AfterProcessingInitializeOnLoad (11ms)
				EditorAssembliesLoaded (0ms)
			ExecutionOrderSort2 (0ms)
			AwakeInstancesAfterBackupRestoration (17ms)
Platform modules already initialized, skipping
Shader 'Universal Render Pipeline/Particles/Lit': fallback shader 'Universal Render Pipeline/Particles/SimpleLit' not found
Refreshing native plugins compatible for Editor in 2.24 ms, found 3 plugins.
Preloading 0 native plugins for Editor in 0.00 ms.
Unloading 3298 Unused Serialized files (Serialized files now loaded: 0)
System memory in use before: 210.9 MB.
System memory in use after: 211.1 MB.

Unloading 18 unused Assets to reduce memory usage. Loaded Objects now: 3870.
Total: 11.870400 ms (FindLiveObjects: 1.129100 ms CreateObjectMapping: 0.653400 ms MarkObjects: 9.981700 ms  DeleteObjects: 0.102400 ms)

AssetImportParameters requested are different than current active one (requested -> active):
  custom:framework-win-MediaFoundation: 216162199b28c13a410421893ffa2e32 -> 
  custom:video-decoder-ogg-theora: a1e56fd34408186e4bbccfd4996cb3dc -> 
  custom:container-muxer-webm: aa71ff27fc2769a1b78a27578f13a17b -> 
  custom:container-demuxer-webm: 4f35f7cbe854078d1ac9338744f61a02 -> 
  custom:container-demuxer-ogg: 62fdf1f143b41e24485cea50d1cbac27 -> 
  custom:video-encoder-webm-vp8: eb34c28f22e8b96e1ab97ce403110664 -> 
  custom:video-decoder-webm-vp8: 9c59270c3fd7afecdb556c50c9e8de78 -> 
  custom:audio-decoder-ogg-vorbis: bf7c407c2cedff20999df2af8eb42d56 -> 
  custom:audio-encoder-webm-vorbis: bf7c407c2cedff20999df2af8eb42d56 -> 
========================================================================
Received Prepare
Registering precompiled user dll's ...
Registered in 0.011292 seconds.
Begin MonoManager ReloadAssembly
Native extension for WindowsStandalone target not found
Refreshing native plugins compatible for Editor in 0.95 ms, found 3 plugins.
Preloading 0 native plugins for Editor in 0.00 ms.
Mono: successfully reloaded assembly
- Completed reload, in  1.379 seconds
Domain Reload Profiling:
	ReloadAssembly (1380ms)
		BeginReloadAssembly (176ms)
			ExecutionOrderSort (0ms)
			DisableScriptedObjects (6ms)
			BackupInstance (0ms)
			ReleaseScriptingObjects (0ms)
			CreateAndSetChildDomain (65ms)
		EndReloadAssembly (1125ms)
			LoadAssemblies (145ms)
			RebuildTransferFunctionScriptingTraits (0ms)
			SetupTypeCache (364ms)
			ReleaseScriptCaches (1ms)
			RebuildScriptCaches (51ms)
			SetupLoadedEditorAssemblies (439ms)
				LogAssemblyErrors (0ms)
				InitializePlatformSupportModulesInManaged (7ms)
				SetLoadedEditorAssemblies (1ms)
				RefreshPlugins (1ms)
				BeforeProcessingInitializeOnLoad (91ms)
				ProcessInitializeOnLoadAttributes (321ms)
				ProcessInitializeOnLoadMethodAttributes (7ms)
				AfterProcessingInitializeOnLoad (12ms)
				EditorAssembliesLoaded (0ms)
			ExecutionOrderSort2 (0ms)
			AwakeInstancesAfterBackupRestoration (18ms)
Platform modules already initialized, skipping
Shader 'Universal Render Pipeline/Particles/Lit': fallback shader 'Universal Render Pipeline/Particles/SimpleLit' not found
Refreshing native plugins compatible for Editor in 2.00 ms, found 3 plugins.
Preloading 0 native plugins for Editor in 0.00 ms.
Unloading 3298 Unused Serialized files (Serialized files now loaded: 0)
System memory in use before: 210.9 MB.
System memory in use after: 211.1 MB.

Unloading 18 unused Assets to reduce memory usage. Loaded Objects now: 3873.
Total: 10.358600 ms (FindLiveObjects: 2.086000 ms CreateObjectMapping: 0.570600 ms MarkObjects: 7.647700 ms  DeleteObjects: 0.052200 ms)

AssetImportParameters requested are different than current active one (requested -> active):
  custom:framework-win-MediaFoundation: 216162199b28c13a410421893ffa2e32 -> 
  custom:video-decoder-ogg-theora: a1e56fd34408186e4bbccfd4996cb3dc -> 
  custom:container-muxer-webm: aa71ff27fc2769a1b78a27578f13a17b -> 
  custom:container-demuxer-webm: 4f35f7cbe854078d1ac9338744f61a02 -> 
  custom:container-demuxer-ogg: 62fdf1f143b41e24485cea50d1cbac27 -> 
  custom:video-encoder-webm-vp8: eb34c28f22e8b96e1ab97ce403110664 -> 
  custom:video-decoder-webm-vp8: 9c59270c3fd7afecdb556c50c9e8de78 -> 
  custom:audio-decoder-ogg-vorbis: bf7c407c2cedff20999df2af8eb42d56 -> 
  custom:audio-encoder-webm-vorbis: bf7c407c2cedff20999df2af8eb42d56 -> 
========================================================================
Received Prepare
Registering precompiled user dll's ...
Registered in 0.009034 seconds.
Begin MonoManager ReloadAssembly
Native extension for WindowsStandalone target not found
Refreshing native plugins compatible for Editor in 0.99 ms, found 3 plugins.
Preloading 0 native plugins for Editor in 0.00 ms.
Mono: successfully reloaded assembly
- Completed reload, in  1.302 seconds
Domain Reload Profiling:
	ReloadAssembly (1303ms)
		BeginReloadAssembly (141ms)
			ExecutionOrderSort (0ms)
			DisableScriptedObjects (8ms)
			BackupInstance (0ms)
			ReleaseScriptingObjects (0ms)
			CreateAndSetChildDomain (43ms)
		EndReloadAssembly (1088ms)
			LoadAssemblies (126ms)
			RebuildTransferFunctionScriptingTraits (0ms)
			SetupTypeCache (344ms)
			ReleaseScriptCaches (1ms)
			RebuildScriptCaches (50ms)
			SetupLoadedEditorAssemblies (443ms)
				LogAssemblyErrors (0ms)
				InitializePlatformSupportModulesInManaged (4ms)
				SetLoadedEditorAssemblies (0ms)
				RefreshPlugins (1ms)
				BeforeProcessingInitializeOnLoad (93ms)
				ProcessInitializeOnLoadAttributes (325ms)
				ProcessInitializeOnLoadMethodAttributes (6ms)
				AfterProcessingInitializeOnLoad (12ms)
				EditorAssembliesLoaded (0ms)
			ExecutionOrderSort2 (0ms)
			AwakeInstancesAfterBackupRestoration (19ms)
Platform modules already initialized, skipping
Shader 'Universal Render Pipeline/Particles/Lit': fallback shader 'Universal Render Pipeline/Particles/SimpleLit' not found
Refreshing native plugins compatible for Editor in 1.04 ms, found 3 plugins.
Preloading 0 native plugins for Editor in 0.00 ms.
Unloading 3298 Unused Serialized files (Serialized files now loaded: 0)
System memory in use before: 210.9 MB.
System memory in use after: 211.2 MB.

Unloading 18 unused Assets to reduce memory usage. Loaded Objects now: 3876.
Total: 9.664100 ms (FindLiveObjects: 0.956700 ms CreateObjectMapping: 0.377800 ms MarkObjects: 8.298500 ms  DeleteObjects: 0.028000 ms)

AssetImportParameters requested are different than current active one (requested -> active):
  custom:framework-win-MediaFoundation: 216162199b28c13a410421893ffa2e32 -> 
  custom:video-decoder-ogg-theora: a1e56fd34408186e4bbccfd4996cb3dc -> 
  custom:container-muxer-webm: aa71ff27fc2769a1b78a27578f13a17b -> 
  custom:container-demuxer-webm: 4f35f7cbe854078d1ac9338744f61a02 -> 
  custom:container-demuxer-ogg: 62fdf1f143b41e24485cea50d1cbac27 -> 
  custom:video-encoder-webm-vp8: eb34c28f22e8b96e1ab97ce403110664 -> 
  custom:video-decoder-webm-vp8: 9c59270c3fd7afecdb556c50c9e8de78 -> 
  custom:audio-decoder-ogg-vorbis: bf7c407c2cedff20999df2af8eb42d56 -> 
  custom:audio-encoder-webm-vorbis: bf7c407c2cedff20999df2af8eb42d56 -> 
========================================================================
Received Prepare
Registering precompiled user dll's ...
Registered in 0.011906 seconds.
Begin MonoManager ReloadAssembly
Native extension for WindowsStandalone target not found
Refreshing native plugins compatible for Editor in 0.73 ms, found 3 plugins.
Preloading 0 native plugins for Editor in 0.00 ms.
Mono: successfully reloaded assembly
- Completed reload, in  1.415 seconds
Domain Reload Profiling:
	ReloadAssembly (1416ms)
		BeginReloadAssembly (173ms)
			ExecutionOrderSort (0ms)
			DisableScriptedObjects (8ms)
			BackupInstance (0ms)
			ReleaseScriptingObjects (0ms)
			CreateAndSetChildDomain (67ms)
		EndReloadAssembly (1162ms)
			LoadAssemblies (148ms)
			RebuildTransferFunctionScriptingTraits (0ms)
			SetupTypeCache (367ms)
			ReleaseScriptCaches (2ms)
			RebuildScriptCaches (50ms)
			SetupLoadedEditorAssemblies (454ms)
				LogAssemblyErrors (0ms)
				InitializePlatformSupportModulesInManaged (5ms)
				SetLoadedEditorAssemblies (0ms)
				RefreshPlugins (1ms)
				BeforeProcessingInitializeOnLoad (91ms)
				ProcessInitializeOnLoadAttributes (339ms)
				ProcessInitializeOnLoadMethodAttributes (6ms)
				AfterProcessingInitializeOnLoad (12ms)
				EditorAssembliesLoaded (0ms)
			ExecutionOrderSort2 (0ms)
			AwakeInstancesAfterBackupRestoration (18ms)
Platform modules already initialized, skipping
Shader 'Universal Render Pipeline/Particles/Lit': fallback shader 'Universal Render Pipeline/Particles/SimpleLit' not found
Refreshing native plugins compatible for Editor in 1.88 ms, found 3 plugins.
Preloading 0 native plugins for Editor in 0.00 ms.
Unloading 3298 Unused Serialized files (Serialized files now loaded: 0)
System memory in use before: 210.9 MB.
System memory in use after: 211.2 MB.

Unloading 18 unused Assets to reduce memory usage. Loaded Objects now: 3879.
Total: 4.720700 ms (FindLiveObjects: 0.399700 ms CreateObjectMapping: 0.176700 ms MarkObjects: 3.972400 ms  DeleteObjects: 0.170500 ms)

AssetImportParameters requested are different than current active one (requested -> active):
  custom:framework-win-MediaFoundation: 216162199b28c13a410421893ffa2e32 -> 
  custom:video-decoder-ogg-theora: a1e56fd34408186e4bbccfd4996cb3dc -> 
  custom:container-muxer-webm: aa71ff27fc2769a1b78a27578f13a17b -> 
  custom:container-demuxer-webm: 4f35f7cbe854078d1ac9338744f61a02 -> 
  custom:container-demuxer-ogg: 62fdf1f143b41e24485cea50d1cbac27 -> 
  custom:video-encoder-webm-vp8: eb34c28f22e8b96e1ab97ce403110664 -> 
  custom:video-decoder-webm-vp8: 9c59270c3fd7afecdb556c50c9e8de78 -> 
  custom:audio-decoder-ogg-vorbis: bf7c407c2cedff20999df2af8eb42d56 -> 
  custom:audio-encoder-webm-vorbis: bf7c407c2cedff20999df2af8eb42d56 -> 
AssetImportWorkerClient::OnTransportError - code=2 error=End of file
